# JRE version: OpenJDK Runtime Environment (8.0_152-b01) (build 1.8.0_152-release-1024-b01)
# Java VM: OpenJDK 64-Bit Server VM (25.152-b01 mixed mode linux-amd64 compressed oops)
Heap:
 PSYoungGen      total 306688K, used 216164K [0x00000000e0000000, 0x00000000fa380000, 0x0000000100000000)
  eden space 227840K, 63% used [0x00000000e0000000,0x00000000e8d9ed68,0x00000000ede80000)
  from space 78848K, 90% used [0x00000000ede80000,0x00000000f23fa340,0x00000000f2b80000)
  to   space 88064K, 0% used [0x00000000f4d80000,0x00000000f4d80000,0x00000000fa380000)
 ParOldGen       total 125440K, used 88458K [0x00000000a0000000, 0x00000000a7a80000, 0x00000000e0000000)
  object space 125440K, 70% used [0x00000000a0000000,0x00000000a5662840,0x00000000a7a80000)
 Metaspace       used 70921K, capacity 72975K, committed 73256K, reserved 1114112K
  class space    used 8154K, capacity 8679K, committed 8752K, reserved 1048576K
GC Heap History (10 events):
Event: 400,081 GC heap before
{Heap before GC invocations=16 (full 3):
 PSYoungGen      total 229888K, used 227037K [0x00000000e0000000, 0x00000000f2580000, 0x0000000100000000)
  eden space 177664K, 100% used [0x00000000e0000000,0x00000000ead80000,0x00000000ead80000)
  from space 52224K, 94% used [0x00000000ee800000,0x00000000f1837718,0x00000000f1b00000)
  to   space 59904K, 0% used [0x00000000ead80000,0x00000000ead80000,0x00000000ee800000)
 ParOldGen       total 125440K, used 88418K [0x00000000a0000000, 0x00000000a7a80000, 0x00000000e0000000)
  object space 125440K, 70% used [0x00000000a0000000,0x00000000a5658840,0x00000000a7a80000)
 Metaspace       used 60402K, capacity 61633K, committed 61736K, reserved 1103872K
  class space    used 7084K, capacity 7426K, committed 7472K, reserved 1048576K
Event: 400,190 GC heap after
Heap after GC invocations=16 (full 3):
 PSYoungGen      total 237568K, used 49769K [0x00000000e0000000, 0x00000000f4d80000, 0x0000000100000000)
  eden space 177664K, 0% used [0x00000000e0000000,0x00000000e0000000,0x00000000ead80000)
  from space 59904K, 83% used [0x00000000ead80000,0x00000000ede1a620,0x00000000ee800000)
  to   space 66048K, 0% used [0x00000000f0d00000,0x00000000f0d00000,0x00000000f4d80000)
 ParOldGen       total 125440K, used 88426K [0x00000000a0000000, 0x00000000a7a80000, 0x00000000e0000000)
  object space 125440K, 70% used [0x00000000a0000000,0x00000000a565a840,0x00000000a7a80000)
 Metaspace       used 60402K, capacity 61633K, committed 61736K, reserved 1103872K
  class space    used 7084K, capacity 7426K, committed 7472K, reserved 1048576K
}
Event: 429,832 GC heap before
{Heap before GC invocations=17 (full 3):
 PSYoungGen      total 237568K, used 227433K [0x00000000e0000000, 0x00000000f4d80000, 0x0000000100000000)
  eden space 177664K, 100% used [0x00000000e0000000,0x00000000ead80000,0x00000000ead80000)
  from space 59904K, 83% used [0x00000000ead80000,0x00000000ede1a620,0x00000000ee800000)
  to   space 66048K, 0% used [0x00000000f0d00000,0x00000000f0d00000,0x00000000f4d80000)
 ParOldGen       total 125440K, used 88426K [0x00000000a0000000, 0x00000000a7a80000, 0x00000000e0000000)
  object space 125440K, 70% used [0x00000000a0000000,0x00000000a565a840,0x00000000a7a80000)
 Metaspace       used 61878K, capacity 63455K, committed 63784K, reserved 1105920K
  class space    used 7218K, capacity 7637K, committed 7728K, reserved 1048576K
Event: 429,908 GC heap after
Heap after GC invocations=17 (full 3):
 PSYoungGen      total 271360K, used 48948K [0x00000000e0000000, 0x00000000f5180000, 0x0000000100000000)
  eden space 205312K, 0% used [0x00000000e0000000,0x00000000e0000000,0x00000000ec880000)
  from space 66048K, 74% used [0x00000000f0d00000,0x00000000f3ccd178,0x00000000f4d80000)
  to   space 70144K, 0% used [0x00000000ec880000,0x00000000ec880000,0x00000000f0d00000)
 ParOldGen       total 125440K, used 88434K [0x00000000a0000000, 0x00000000a7a80000, 0x00000000e0000000)
  object space 125440K, 70% used [0x00000000a0000000,0x00000000a565c840,0x00000000a7a80000)
 Metaspace       used 61878K, capacity 63455K, committed 63784K, reserved 1105920K
  class space    used 7218K, capacity 7637K, committed 7728K, reserved 1048576K
}
Event: 477,092 GC heap before
{Heap before GC invocations=18 (full 3):
 PSYoungGen      total 271360K, used 254260K [0x00000000e0000000, 0x00000000f5180000, 0x0000000100000000)
  eden space 205312K, 100% used [0x00000000e0000000,0x00000000ec880000,0x00000000ec880000)
  from space 66048K, 74% used [0x00000000f0d00000,0x00000000f3ccd178,0x00000000f4d80000)
  to   space 70144K, 0% used [0x00000000ec880000,0x00000000ec880000,0x00000000f0d00000)
 ParOldGen       total 125440K, used 88434K [0x00000000a0000000, 0x00000000a7a80000, 0x00000000e0000000)
  object space 125440K, 70% used [0x00000000a0000000,0x00000000a565c840,0x00000000a7a80000)
 Metaspace       used 62751K, capacity 64455K, committed 64552K, reserved 1105920K
  class space    used 7279K, capacity 7711K, committed 7728K, reserved 1048576K
Event: 477,174 GC heap after
Heap after GC invocations=18 (full 3):
 PSYoungGen      total 275456K, used 56885K [0x00000000e0000000, 0x00000000f7980000, 0x0000000100000000)
  eden space 205312K, 0% used [0x00000000e0000000,0x00000000e0000000,0x00000000ec880000)
  from space 70144K, 81% used [0x00000000ec880000,0x00000000f000d6e8,0x00000000f0d00000)
  to   space 76800K, 0% used [0x00000000f2e80000,0x00000000f2e80000,0x00000000f7980000)
 ParOldGen       total 125440K, used 88442K [0x00000000a0000000, 0x00000000a7a80000, 0x00000000e0000000)
  object space 125440K, 70% used [0x00000000a0000000,0x00000000a565e840,0x00000000a7a80000)
 Metaspace       used 62751K, capacity 64455K, committed 64552K, reserved 1105920K
  class space    used 7279K, capacity 7711K, committed 7728K, reserved 1048576K
}
Event: 711,364 GC heap before
{Heap before GC invocations=19 (full 3):
 PSYoungGen      total 275456K, used 262197K [0x00000000e0000000, 0x00000000f7980000, 0x0000000100000000)
  eden space 205312K, 100% used [0x00000000e0000000,0x00000000ec880000,0x00000000ec880000)
  from space 70144K, 81% used [0x00000000ec880000,0x00000000f000d6e8,0x00000000f0d00000)
  to   space 76800K, 0% used [0x00000000f2e80000,0x00000000f2e80000,0x00000000f7980000)
 ParOldGen       total 125440K, used 88442K [0x00000000a0000000, 0x00000000a7a80000, 0x00000000e0000000)
  object space 125440K, 70% used [0x00000000a0000000,0x00000000a565e840,0x00000000a7a80000)
 Metaspace       used 63781K, capacity 65665K, committed 65960K, reserved 1107968K
  class space    used 7363K, capacity 7804K, committed 7856K, reserved 1048576K
Event: 711,482 GC heap after
Heap after GC invocations=19 (full 3):
 PSYoungGen      total 303616K, used 49412K [0x00000000e0000000, 0x00000000f7880000, 0x0000000100000000)
  eden space 227840K, 0% used [0x00000000e0000000,0x00000000e0000000,0x00000000ede80000)
  from space 75776K, 65% used [0x00000000f2e80000,0x00000000f5ec1260,0x00000000f7880000)
  to   space 78848K, 0% used [0x00000000ede80000,0x00000000ede80000,0x00000000f2b80000)
 ParOldGen       total 125440K, used 88450K [0x00000000a0000000, 0x00000000a7a80000, 0x00000000e0000000)
  object space 125440K, 70% used [0x00000000a0000000,0x00000000a5660840,0x00000000a7a80000)
 Metaspace       used 63781K, capacity 65665K, committed 65960K, reserved 1107968K
  class space    used 7363K, capacity 7804K, committed 7856K, reserved 1048576K
}
Event: 717,559 GC heap before
{Heap before GC invocations=20 (full 3):
 PSYoungGen      total 303616K, used 277252K [0x00000000e0000000, 0x00000000f7880000, 0x0000000100000000)
  eden space 227840K, 100% used [0x00000000e0000000,0x00000000ede80000,0x00000000ede80000)
  from space 75776K, 65% used [0x00000000f2e80000,0x00000000f5ec1260,0x00000000f7880000)
  to   space 78848K, 0% used [0x00000000ede80000,0x00000000ede80000,0x00000000f2b80000)
 ParOldGen       total 125440K, used 88450K [0x00000000a0000000, 0x00000000a7a80000, 0x00000000e0000000)
  object space 125440K, 70% used [0x00000000a0000000,0x00000000a5660840,0x00000000a7a80000)
 Metaspace       used 70285K, capacity 72245K, committed 72360K, reserved 1114112K
  class space    used 8089K, capacity 8570K, committed 8624K, reserved 1048576K
Event: 717,657 GC heap after
Heap after GC invocations=20 (full 3):
 PSYoungGen      total 306688K, used 71144K [0x00000000e0000000, 0x00000000fa380000, 0x0000000100000000)
  eden space 227840K, 0% used [0x00000000e0000000,0x00000000e0000000,0x00000000ede80000)
  from space 78848K, 90% used [0x00000000ede80000,0x00000000f23fa340,0x00000000f2b80000)
  to   space 88064K, 0% used [0x00000000f4d80000,0x00000000f4d80000,0x00000000fa380000)
 ParOldGen       total 125440K, used 88458K [0x00000000a0000000, 0x00000000a7a80000, 0x00000000e0000000)
  object space 125440K, 70% used [0x00000000a0000000,0x00000000a5662840,0x00000000a7a80000)
 Metaspace       used 70285K, capacity 72245K, committed 72360K, reserved 1114112K
  class space    used 8089K, capacity 8570K, committed 8624K, reserved 1048576K
}

